
> vibe-generated-app@1.0.0 dev
> vite


  VITE v5.4.20  ready in 308 ms

  ➜  Local:   http://localhost:3000/
  ➜  Network: http://172.20.8.173:3000/
12:27:48 PM [vite] Pre-transform error: Failed to parse source for import analysis because the content contains invalid JS syntax. If you are using JSX, make sure to name the file with the .jsx or .tsx extension.
12:27:48 PM [vite] Pre-transform error: Failed to parse source for import analysis because the content contains invalid JS syntax. If you are using JSX, make sure to name the file with the .jsx or .tsx extension.
12:27:48 PM [vite] Pre-transform error: Failed to parse source for import analysis because the content contains invalid JS syntax. If you are using JSX, make sure to name the file with the .jsx or .tsx extension.
12:27:48 PM [vite] Pre-transform error: Failed to parse source for import analysis because the content contains invalid JS syntax. If you are using JSX, make sure to name the file with the .jsx or .tsx extension.
12:27:48 PM [vite] Pre-transform error: Failed to resolve import "axios" from "src/components/AuthForms.jsx". Does the file exist?
12:27:48 PM [vite] Pre-transform error: Failed to resolve import "axios" from "src/components/AuthForms.jsx". Does the file exist?
12:27:49 PM [vite] Internal server error: Failed to parse source for import analysis because the content contains invalid JS syntax. If you are using JSX, make sure to name the file with the .jsx or .tsx extension.
  Plugin: vite:import-analysis
  File: /home/workspace/src/components/auth.js:40:79
  38 |    const value = useMemo(() => ({ token, role, login, logout, isAuthenticated: Boolean(token) }), [token, role])
  39 |  
  40 |    return <AuthContext.Provider value={value}>{children}</AuthContext.Provider>
     |                                                                                ^
  41 |  }
  42 |  
      at TransformPluginContext._formatError (file:///home/workspace/node_modules/vite/dist/node/chunks/dep-D_zLpgQd.js:49258:41)
      at TransformPluginContext.error (file:///home/workspace/node_modules/vite/dist/node/chunks/dep-D_zLpgQd.js:49253:16)
      at TransformPluginContext.transform (file:///home/workspace/node_modules/vite/dist/node/chunks/dep-D_zLpgQd.js:64258:14)
      at async PluginContainer.transform (file:///home/workspace/node_modules/vite/dist/node/chunks/dep-D_zLpgQd.js:49099:18)
      at async loadAndTransform (file:///home/workspace/node_modules/vite/dist/node/chunks/dep-D_zLpgQd.js:51977:27)
      at async viteTransformMiddleware (file:///home/workspace/node_modules/vite/dist/node/chunks/dep-D_zLpgQd.js:62105:24)
12:28:19 PM [vite] Internal server error: Failed to parse source for import analysis because the content contains invalid JS syntax. If you are using JSX, make sure to name the file with the .jsx or .tsx extension.
  Plugin: vite:import-analysis
  File: /home/workspace/src/components/auth.js:40:79
  38 |    const value = useMemo(() => ({ token, role, login, logout, isAuthenticated: Boolean(token) }), [token, role])
  39 |  
  40 |    return <AuthContext.Provider value={value}>{children}</AuthContext.Provider>
     |                                                                                ^
  41 |  }
  42 |  
      at TransformPluginContext._formatError (file:///home/workspace/node_modules/vite/dist/node/chunks/dep-D_zLpgQd.js:49258:41)
      at TransformPluginContext.error (file:///home/workspace/node_modules/vite/dist/node/chunks/dep-D_zLpgQd.js:49253:16)
      at TransformPluginContext.transform (file:///home/workspace/node_modules/vite/dist/node/chunks/dep-D_zLpgQd.js:64258:14)
      at async PluginContainer.transform (file:///home/workspace/node_modules/vite/dist/node/chunks/dep-D_zLpgQd.js:49099:18)
      at async loadAndTransform (file:///home/workspace/node_modules/vite/dist/node/chunks/dep-D_zLpgQd.js:51977:27)
      at async viteTransformMiddleware (file:///home/workspace/node_modules/vite/dist/node/chunks/dep-D_zLpgQd.js:62105:24)
